2025-01-13 13:47:02 | INFO     | waymo_client.core.driver:44 | Connecting to Appium server...
2025-01-13 13:47:02 | INFO     | waymo_client.core.driver:45 | Connecting to Appium...
2025-01-13 13:47:05 | INFO     | waymo_client.core.driver:49 | Connected successfully to Appium
2025-01-13 13:47:05 | INFO     | waymo_client.interactions.actions:59 | Clicking search box...
2025-01-13 13:47:06 | INFO     | waymo_client.interactions.actions:65 | Typing dropoff destination: Salesforce Tower
2025-01-13 13:47:07 | INFO     | waymo_client.interactions.actions:71 | Selecting dropoff location...
2025-01-13 13:47:09 | INFO     | waymo_client.interactions.actions:81 | Selected dropoff: Salesforce Tower
2025-01-13 13:47:09 | INFO     | waymo_client.interactions.actions:29 | Looking for pickup entry...
2025-01-13 13:47:10 | INFO     | waymo_client.interactions.actions:34 | Clicked pickup entry
2025-01-13 13:47:10 | INFO     | waymo_client.interactions.actions:36 | Typing pickup location: Fort Mason
2025-01-13 13:47:11 | INFO     | waymo_client.interactions.actions:43 | Selecting Fort Mason from results...
2025-01-13 13:47:13 | INFO     | waymo_client.interactions.actions:48 | Selected pickup: Fort Mason
2025-01-13 13:47:17 | INFO     | waymo_client.interactions.info:55 | Successfully extracted trip info: TripInfo(pickup_location='Fort Mason', pickup_wait_time='8 minutes', dropoff_location='Salesforce Tower', dropoff_time='2:23 PM', current_time='01:47 PM PST', time_zone='PST', price='$16.49', currency='$')
2025-01-13 13:47:17 | INFO     | waymo_client.interactions.actions:16 | Returning to home screen...
2025-01-13 13:47:18 | INFO     | waymo_client.interactions.actions:21 | Successfully returned to home screen
2025-01-13 13:47:18 | INFO     | waymo_client.core.driver:78 | Closing Appium driver...
2025-01-13 13:47:18 | INFO     | waymo_client.core.driver:80 | Successfully closed Appium driver
2025-01-13 13:47:18 | INFO     | waymo_client.core.driver:44 | Connecting to Appium server...
2025-01-13 13:47:18 | INFO     | waymo_client.core.driver:45 | Connecting to Appium...
2025-01-13 13:47:20 | INFO     | waymo_client.core.driver:49 | Connected successfully to Appium
2025-01-13 13:47:20 | INFO     | waymo_client.interactions.actions:59 | Clicking search box...
2025-01-13 13:47:20 | INFO     | waymo_client.interactions.actions:65 | Typing dropoff destination: Golden Gate Bridge Vista Point
2025-01-13 13:47:22 | INFO     | waymo_client.interactions.actions:71 | Selecting dropoff location...
2025-01-13 13:47:24 | INFO     | waymo_client.interactions.actions:81 | Selected dropoff: Golden Gate Bridge Vista Point
2025-01-13 13:47:24 | INFO     | waymo_client.interactions.actions:29 | Looking for pickup entry...
2025-01-13 13:47:24 | INFO     | waymo_client.interactions.actions:34 | Clicked pickup entry
2025-01-13 13:47:24 | INFO     | waymo_client.interactions.actions:36 | Typing pickup location: San Francisco City Hall
2025-01-13 13:47:27 | INFO     | waymo_client.interactions.actions:43 | Selecting San Francisco City Hall from results...
2025-01-13 13:47:29 | INFO     | waymo_client.interactions.actions:48 | Selected pickup: San Francisco City Hall
2025-01-13 13:47:31 | INFO     | waymo_client.interactions.info:55 | Successfully extracted trip info: TripInfo(pickup_location='San Francisco City Hall', pickup_wait_time='1 minutes', dropoff_location='Golden Gate Bridge Vista Point', dropoff_time='2:17 PM', current_time='01:47 PM PST', time_zone='PST', price='$13.82', currency='$')
2025-01-13 13:47:31 | INFO     | waymo_client.interactions.actions:16 | Returning to home screen...
2025-01-13 13:47:32 | INFO     | waymo_client.interactions.actions:21 | Successfully returned to home screen
2025-01-13 13:47:32 | INFO     | waymo_client.core.driver:78 | Closing Appium driver...
2025-01-13 13:47:32 | INFO     | waymo_client.core.driver:80 | Successfully closed Appium driver
